<?xml version="1.0" encoding="UTF-8"?>
<!-- Generated by org.testng.reporters.JUnitXMLReporter -->
<testsuite hostname="User" ignored="0" name="Test" tests="0" failures="0" timestamp="15 Sep 2020 18:28:40 GMT" time="1.076" errors="0">
  <testcase name="@BeforeClass setUpClass" time="0.364" classname="io.cucumber.testng.AbstractTestNGCucumberTests">
    <failure type="java.lang.NoSuchMethodError" message="io.cucumber.core.options.RuntimeOptions.isStrict()Z">
      <![CDATA[java.lang.NoSuchMethodError: io.cucumber.core.options.RuntimeOptions.isStrict()Z
at io.cucumber.testng.TestNGCucumberRunner.<init>(TestNGCucumberRunner.java:93)
at io.cucumber.testng.AbstractTestNGCucumberTests.setUpClass(AbstractTestNGCucumberTests.java:22)
... Removed 26 stack frames]]>
    </failure>
  </testcase> <!-- @BeforeClass setUpClass -->
</testsuite> <!-- Test -->
