<?xml version="1.0" encoding="UTF-8"?>
<!-- Generated by org.testng.reporters.JUnitXMLReporter -->
<testsuite hostname="User" ignored="0" name="Command line test" tests="1" failures="0" timestamp="24 Aug 2020 17:47:37 GMT" time="0.864" errors="0">
  <testcase name="@BeforeMethod baseTest" time="0.089" classname="com.ijmeet.testcases.BaseClass">
    <failure type="java.lang.NoSuchMethodError" message="org.slf4j.impl.StaticLoggerBinder.getSingleton()Lorg/slf4j/impl/StaticLoggerBinder;">
      <![CDATA[java.lang.NoSuchMethodError: org.slf4j.impl.StaticLoggerBinder.getSingleton()Lorg/slf4j/impl/StaticLoggerBinder;
at org.slf4j.LoggerFactory.bind(LoggerFactory.java:150)
at org.slf4j.LoggerFactory.performInitialization(LoggerFactory.java:124)
at org.slf4j.LoggerFactory.getILoggerFactory(LoggerFactory.java:412)
at org.slf4j.LoggerFactory.getLogger(LoggerFactory.java:357)
at org.slf4j.LoggerFactory.getLogger(LoggerFactory.java:383)
at io.github.bonigarcia.wdm.WebDriverManager.<clinit>(WebDriverManager.java:93)
at com.config.Keywords.openBrowser(Keywords.java:43)
at com.ijmeet.testcases.BaseClass.baseTest(BaseClass.java:17)
... Removed 37 stack frames]]>
    </failure>
  </testcase> <!-- @BeforeMethod baseTest -->
  <testcase name="@AfterMethod closeDriver" time="0.0" classname="com.ijmeet.testcases.BaseClass">
    <skipped/>
  </testcase> <!-- @AfterMethod closeDriver -->
  <testcase name="tc_001" time="0.0" classname="com.ijmeet.testcases.LoginPageTest">
    <skipped/>
  </testcase> <!-- tc_001 -->
</testsuite> <!-- Command line test -->
