<?xml version="1.0" encoding="UTF-8"?>
<testng-results skipped="0" failed="0" ignored="0" total="1" passed="1">
  <reporter-output>
  </reporter-output>
  <suite name="Surefire suite" duration-ms="43952" started-at="2020-08-24T18:17:05Z" finished-at="2020-08-24T18:17:49Z">
    <groups>
    </groups>
    <test name="Surefire test" duration-ms="43952" started-at="2020-08-24T18:17:05Z" finished-at="2020-08-24T18:17:49Z">
      <class name="com.ijmeet.testcases.LoginPageTest">
        <test-method status="PASS" signature="baseTest()[pri:0, instance:com.ijmeet.testcases.LoginPageTest@1324409e]" name="baseTest" is-config="true" duration-ms="29612" started-at="2020-08-24T18:17:06Z" finished-at="2020-08-24T18:17:35Z">
          <reporter-output>
          </reporter-output>
        </test-method> <!-- baseTest -->
        <test-method status="PASS" signature="tc_001()[pri:0, instance:com.ijmeet.testcases.LoginPageTest@1324409e]" name="tc_001" duration-ms="2426" started-at="2020-08-24T18:17:35Z" finished-at="2020-08-24T18:17:38Z">
          <reporter-output>
          </reporter-output>
        </test-method> <!-- tc_001 -->
        <test-method status="PASS" signature="closeDriver()[pri:0, instance:com.ijmeet.testcases.LoginPageTest@1324409e]" name="closeDriver" is-config="true" duration-ms="10532" started-at="2020-08-24T18:17:38Z" finished-at="2020-08-24T18:17:49Z">
          <reporter-output>
          </reporter-output>
        </test-method> <!-- closeDriver -->
      </class> <!-- com.ijmeet.testcases.LoginPageTest -->
    </test> <!-- Surefire test -->
  </suite> <!-- Surefire suite -->
</testng-results>
