<?xml version="1.0" encoding="UTF-8"?>
<testng-results skipped="0" failed="0" ignored="0" total="1" passed="1">
  <reporter-output>
  </reporter-output>
  <suite name="Default suite" duration-ms="87546" started-at="2020-09-13T13:27:44Z" finished-at="2020-09-13T13:29:12Z">
    <groups>
    </groups>
    <test name="Default test" duration-ms="87546" started-at="2020-09-13T13:27:44Z" finished-at="2020-09-13T13:29:12Z">
      <class name="com.ijmeet.testcases.HostMeetingTest">
        <test-method status="PASS" signature="baseTest()[pri:0, instance:com.ijmeet.testcases.HostMeetingTest@7791a895]" name="baseTest" is-config="true" duration-ms="14623" started-at="2020-09-13T13:27:44Z" finished-at="2020-09-13T13:27:59Z">
          <reporter-output>
          </reporter-output>
        </test-method> <!-- baseTest -->
        <test-method status="PASS" signature="clickOnHostMeeting()[pri:0, instance:com.ijmeet.testcases.HostMeetingTest@7791a895]" name="clickOnHostMeeting" is-config="true" duration-ms="1447" started-at="2020-09-13T13:27:59Z" finished-at="2020-09-13T13:28:00Z">
          <reporter-output>
          </reporter-output>
        </test-method> <!-- clickOnHostMeeting -->
        <test-method status="PASS" signature="isFooterLinksClickable()[pri:0, instance:com.ijmeet.testcases.HostMeetingTest@7791a895]" name="isFooterLinksClickable" duration-ms="70342" started-at="2020-09-13T13:28:00Z" finished-at="2020-09-13T13:29:10Z">
          <reporter-output>
          </reporter-output>
        </test-method> <!-- isFooterLinksClickable -->
        <test-method status="PASS" signature="closeDriver()[pri:0, instance:com.ijmeet.testcases.HostMeetingTest@7791a895]" name="closeDriver" is-config="true" duration-ms="1069" started-at="2020-09-13T13:29:10Z" finished-at="2020-09-13T13:29:12Z">
          <reporter-output>
          </reporter-output>
        </test-method> <!-- closeDriver -->
      </class> <!-- com.ijmeet.testcases.HostMeetingTest -->
    </test> <!-- Default test -->
  </suite> <!-- Default suite -->
</testng-results>
